  Determining projects to restore...
  All projects are up-to-date for restore.
C:\UE_PROJECTS\Sdet-Task\UnitTest1.cs(589,13): error CS0246: The type or namespace name 'MethodInfo' could not be found (are you missing a using directive or an assembly reference?) [C:\UE_PROJECTS\Sdet-Task\Sdet-Task.csproj]
C:\UE_PROJECTS\Sdet-Task\UnitTest1.cs(601,17): error CS0019: Operator '!=' cannot be applied to operands of type 'MethodInfo?' and '<null>' [C:\UE_PROJECTS\Sdet-Task\Sdet-Task.csproj]
C:\UE_PROJECTS\Sdet-Task\UnitTest1.cs(603,34): error CS1061: 'MethodInfo?' does not contain a definition for 'IsGenericMethodDefinition' and no accessible extension method 'IsGenericMethodDefinition' accepting a first argument of type 'MethodInfo?' could be found (are you missing a using directive or an assembly reference?) [C:\UE_PROJECTS\Sdet-Task\Sdet-Task.csproj]
C:\UE_PROJECTS\Sdet-Task\UnitTest1.cs(605,49): error CS1061: 'MethodInfo?' does not contain a definition for 'MakeGenericMethod' and no accessible extension method 'MakeGenericMethod' accepting a first argument of type 'MethodInfo?' could be found (are you missing a using directive or an assembly reference?) [C:\UE_PROJECTS\Sdet-Task\Sdet-Task.csproj]
C:\UE_PROJECTS\Sdet-Task\UnitTest1.cs(608,30): error CS1061: 'MethodInfo?' does not contain a definition for 'Invoke' and no accessible extension method 'Invoke' accepting a first argument of type 'MethodInfo?' could be found (are you missing a using directive or an assembly reference?) [C:\UE_PROJECTS\Sdet-Task\Sdet-Task.csproj]
C:\UE_PROJECTS\Sdet-Task\UnitTest1.cs(518,41): warning CS8602: Dereference of a possibly null reference. [C:\UE_PROJECTS\Sdet-Task\Sdet-Task.csproj]
C:\UE_PROJECTS\Sdet-Task\UnitTest1.cs(520,30): warning CS8602: Dereference of a possibly null reference. [C:\UE_PROJECTS\Sdet-Task\Sdet-Task.csproj]
C:\UE_PROJECTS\Sdet-Task\UnitTest1.cs(671,35): warning CS8602: Dereference of a possibly null reference. [C:\UE_PROJECTS\Sdet-Task\Sdet-Task.csproj]
C:\UE_PROJECTS\Sdet-Task\UnitTest1.cs(672,35): warning CS8602: Dereference of a possibly null reference. [C:\UE_PROJECTS\Sdet-Task\Sdet-Task.csproj]
C:\UE_PROJECTS\Sdet-Task\UnitTest1.cs(682,35): warning CS8602: Dereference of a possibly null reference. [C:\UE_PROJECTS\Sdet-Task\Sdet-Task.csproj]
C:\UE_PROJECTS\Sdet-Task\UnitTest1.cs(683,35): warning CS8602: Dereference of a possibly null reference. [C:\UE_PROJECTS\Sdet-Task\Sdet-Task.csproj]
C:\UE_PROJECTS\Sdet-Task\UnitTest1.cs(689,27): warning CS8600: Converting null literal or possible null value to non-nullable type. [C:\UE_PROJECTS\Sdet-Task\Sdet-Task.csproj]
C:\UE_PROJECTS\Sdet-Task\UnitTest1.cs(32,9): warning NUnit1033: The Write methods are wrappers on TestContext.Out (https://github.com/nunit/nunit.analyzers/tree/master/documentation/NUnit1033.md) [C:\UE_PROJECTS\Sdet-Task\Sdet-Task.csproj]
C:\UE_PROJECTS\Sdet-Task\UnitTest1.cs(25,9): warning NUnit1033: The Write methods are wrappers on TestContext.Out (https://github.com/nunit/nunit.analyzers/tree/master/documentation/NUnit1033.md) [C:\UE_PROJECTS\Sdet-Task\Sdet-Task.csproj]
C:\UE_PROJECTS\Sdet-Task\UnitTest1.cs(44,9): warning NUnit1033: The Write methods are wrappers on TestContext.Out (https://github.com/nunit/nunit.analyzers/tree/master/documentation/NUnit1033.md) [C:\UE_PROJECTS\Sdet-Task\Sdet-Task.csproj]
C:\UE_PROJECTS\Sdet-Task\UnitTest1.cs(50,9): warning NUnit1033: The Write methods are wrappers on TestContext.Out (https://github.com/nunit/nunit.analyzers/tree/master/documentation/NUnit1033.md) [C:\UE_PROJECTS\Sdet-Task\Sdet-Task.csproj]
C:\UE_PROJECTS\Sdet-Task\UnitTest1.cs(54,9): warning NUnit1033: The Write methods are wrappers on TestContext.Out (https://github.com/nunit/nunit.analyzers/tree/master/documentation/NUnit1033.md) [C:\UE_PROJECTS\Sdet-Task\Sdet-Task.csproj]
C:\UE_PROJECTS\Sdet-Task\UnitTest1.cs(68,9): warning NUnit1033: The Write methods are wrappers on TestContext.Out (https://github.com/nunit/nunit.analyzers/tree/master/documentation/NUnit1033.md) [C:\UE_PROJECTS\Sdet-Task\Sdet-Task.csproj]
C:\UE_PROJECTS\Sdet-Task\UnitTest1.cs(74,9): warning NUnit1033: The Write methods are wrappers on TestContext.Out (https://github.com/nunit/nunit.analyzers/tree/master/documentation/NUnit1033.md) [C:\UE_PROJECTS\Sdet-Task\Sdet-Task.csproj]
C:\UE_PROJECTS\Sdet-Task\UnitTest1.cs(79,9): warning NUnit1033: The Write methods are wrappers on TestContext.Out (https://github.com/nunit/nunit.analyzers/tree/master/documentation/NUnit1033.md) [C:\UE_PROJECTS\Sdet-Task\Sdet-Task.csproj]
C:\UE_PROJECTS\Sdet-Task\UnitTest1.cs(93,9): warning NUnit1033: The Write methods are wrappers on TestContext.Out (https://github.com/nunit/nunit.analyzers/tree/master/documentation/NUnit1033.md) [C:\UE_PROJECTS\Sdet-Task\Sdet-Task.csproj]
C:\UE_PROJECTS\Sdet-Task\UnitTest1.cs(103,9): warning NUnit1033: The Write methods are wrappers on TestContext.Out (https://github.com/nunit/nunit.analyzers/tree/master/documentation/NUnit1033.md) [C:\UE_PROJECTS\Sdet-Task\Sdet-Task.csproj]
C:\UE_PROJECTS\Sdet-Task\UnitTest1.cs(108,9): warning NUnit1033: The Write methods are wrappers on TestContext.Out (https://github.com/nunit/nunit.analyzers/tree/master/documentation/NUnit1033.md) [C:\UE_PROJECTS\Sdet-Task\Sdet-Task.csproj]
C:\UE_PROJECTS\Sdet-Task\UnitTest1.cs(113,9): warning NUnit1033: The Write methods are wrappers on TestContext.Out (https://github.com/nunit/nunit.analyzers/tree/master/documentation/NUnit1033.md) [C:\UE_PROJECTS\Sdet-Task\Sdet-Task.csproj]
C:\UE_PROJECTS\Sdet-Task\UnitTest1.cs(122,9): warning NUnit1033: The Write methods are wrappers on TestContext.Out (https://github.com/nunit/nunit.analyzers/tree/master/documentation/NUnit1033.md) [C:\UE_PROJECTS\Sdet-Task\Sdet-Task.csproj]
C:\UE_PROJECTS\Sdet-Task\UnitTest1.cs(137,9): warning NUnit1033: The Write methods are wrappers on TestContext.Out (https://github.com/nunit/nunit.analyzers/tree/master/documentation/NUnit1033.md) [C:\UE_PROJECTS\Sdet-Task\Sdet-Task.csproj]
C:\UE_PROJECTS\Sdet-Task\UnitTest1.cs(144,9): warning NUnit1033: The Write methods are wrappers on TestContext.Out (https://github.com/nunit/nunit.analyzers/tree/master/documentation/NUnit1033.md) [C:\UE_PROJECTS\Sdet-Task\Sdet-Task.csproj]
C:\UE_PROJECTS\Sdet-Task\UnitTest1.cs(149,9): warning NUnit1033: The Write methods are wrappers on TestContext.Out (https://github.com/nunit/nunit.analyzers/tree/master/documentation/NUnit1033.md) [C:\UE_PROJECTS\Sdet-Task\Sdet-Task.csproj]
C:\UE_PROJECTS\Sdet-Task\UnitTest1.cs(162,9): warning NUnit1033: The Write methods are wrappers on TestContext.Out (https://github.com/nunit/nunit.analyzers/tree/master/documentation/NUnit1033.md) [C:\UE_PROJECTS\Sdet-Task\Sdet-Task.csproj]
C:\UE_PROJECTS\Sdet-Task\UnitTest1.cs(168,9): warning NUnit1033: The Write methods are wrappers on TestContext.Out (https://github.com/nunit/nunit.analyzers/tree/master/documentation/NUnit1033.md) [C:\UE_PROJECTS\Sdet-Task\Sdet-Task.csproj]
C:\UE_PROJECTS\Sdet-Task\UnitTest1.cs(174,9): warning NUnit1033: The Write methods are wrappers on TestContext.Out (https://github.com/nunit/nunit.analyzers/tree/master/documentation/NUnit1033.md) [C:\UE_PROJECTS\Sdet-Task\Sdet-Task.csproj]
C:\UE_PROJECTS\Sdet-Task\UnitTest1.cs(179,9): warning NUnit1033: The Write methods are wrappers on TestContext.Out (https://github.com/nunit/nunit.analyzers/tree/master/documentation/NUnit1033.md) [C:\UE_PROJECTS\Sdet-Task\Sdet-Task.csproj]
C:\UE_PROJECTS\Sdet-Task\UnitTest1.cs(184,13): warning NUnit1033: The Write methods are wrappers on TestContext.Out (https://github.com/nunit/nunit.analyzers/tree/master/documentation/NUnit1033.md) [C:\UE_PROJECTS\Sdet-Task\Sdet-Task.csproj]
C:\UE_PROJECTS\Sdet-Task\UnitTest1.cs(192,21): warning NUnit1033: The Write methods are wrappers on TestContext.Out (https://github.com/nunit/nunit.analyzers/tree/master/documentation/NUnit1033.md) [C:\UE_PROJECTS\Sdet-Task\Sdet-Task.csproj]
C:\UE_PROJECTS\Sdet-Task\UnitTest1.cs(200,21): warning NUnit1033: The Write methods are wrappers on TestContext.Out (https://github.com/nunit/nunit.analyzers/tree/master/documentation/NUnit1033.md) [C:\UE_PROJECTS\Sdet-Task\Sdet-Task.csproj]
C:\UE_PROJECTS\Sdet-Task\UnitTest1.cs(204,17): warning NUnit1033: The Write methods are wrappers on TestContext.Out (https://github.com/nunit/nunit.analyzers/tree/master/documentation/NUnit1033.md) [C:\UE_PROJECTS\Sdet-Task\Sdet-Task.csproj]
C:\UE_PROJECTS\Sdet-Task\UnitTest1.cs(211,25): warning NUnit1033: The Write methods are wrappers on TestContext.Out (https://github.com/nunit/nunit.analyzers/tree/master/documentation/NUnit1033.md) [C:\UE_PROJECTS\Sdet-Task\Sdet-Task.csproj]
C:\UE_PROJECTS\Sdet-Task\UnitTest1.cs(216,17): warning NUnit1033: The Write methods are wrappers on TestContext.Out (https://github.com/nunit/nunit.analyzers/tree/master/documentation/NUnit1033.md) [C:\UE_PROJECTS\Sdet-Task\Sdet-Task.csproj]
C:\UE_PROJECTS\Sdet-Task\UnitTest1.cs(220,17): warning NUnit1033: The Write methods are wrappers on TestContext.Out (https://github.com/nunit/nunit.analyzers/tree/master/documentation/NUnit1033.md) [C:\UE_PROJECTS\Sdet-Task\Sdet-Task.csproj]
C:\UE_PROJECTS\Sdet-Task\UnitTest1.cs(281,9): warning NUnit1033: The Write methods are wrappers on TestContext.Out (https://github.com/nunit/nunit.analyzers/tree/master/documentation/NUnit1033.md) [C:\UE_PROJECTS\Sdet-Task\Sdet-Task.csproj]
C:\UE_PROJECTS\Sdet-Task\UnitTest1.cs(285,9): warning NUnit1033: The Write methods are wrappers on TestContext.Out (https://github.com/nunit/nunit.analyzers/tree/master/documentation/NUnit1033.md) [C:\UE_PROJECTS\Sdet-Task\Sdet-Task.csproj]
C:\UE_PROJECTS\Sdet-Task\UnitTest1.cs(289,13): warning NUnit1033: The Write methods are wrappers on TestContext.Out (https://github.com/nunit/nunit.analyzers/tree/master/documentation/NUnit1033.md) [C:\UE_PROJECTS\Sdet-Task\Sdet-Task.csproj]
C:\UE_PROJECTS\Sdet-Task\UnitTest1.cs(293,13): warning NUnit1033: The Write methods are wrappers on TestContext.Out (https://github.com/nunit/nunit.analyzers/tree/master/documentation/NUnit1033.md) [C:\UE_PROJECTS\Sdet-Task\Sdet-Task.csproj]
C:\UE_PROJECTS\Sdet-Task\UnitTest1.cs(298,9): warning NUnit1033: The Write methods are wrappers on TestContext.Out (https://github.com/nunit/nunit.analyzers/tree/master/documentation/NUnit1033.md) [C:\UE_PROJECTS\Sdet-Task\Sdet-Task.csproj]
C:\UE_PROJECTS\Sdet-Task\UnitTest1.cs(318,21): warning NUnit1033: The Write methods are wrappers on TestContext.Out (https://github.com/nunit/nunit.analyzers/tree/master/documentation/NUnit1033.md) [C:\UE_PROJECTS\Sdet-Task\Sdet-Task.csproj]
C:\UE_PROJECTS\Sdet-Task\UnitTest1.cs(336,17): warning NUnit1033: The Write methods are wrappers on TestContext.Out (https://github.com/nunit/nunit.analyzers/tree/master/documentation/NUnit1033.md) [C:\UE_PROJECTS\Sdet-Task\Sdet-Task.csproj]
C:\UE_PROJECTS\Sdet-Task\UnitTest1.cs(341,17): warning NUnit1033: The Write methods are wrappers on TestContext.Out (https://github.com/nunit/nunit.analyzers/tree/master/documentation/NUnit1033.md) [C:\UE_PROJECTS\Sdet-Task\Sdet-Task.csproj]
C:\UE_PROJECTS\Sdet-Task\UnitTest1.cs(345,21): warning NUnit1033: The Write methods are wrappers on TestContext.Out (https://github.com/nunit/nunit.analyzers/tree/master/documentation/NUnit1033.md) [C:\UE_PROJECTS\Sdet-Task\Sdet-Task.csproj]
C:\UE_PROJECTS\Sdet-Task\UnitTest1.cs(353,9): warning NUnit1033: The Write methods are wrappers on TestContext.Out (https://github.com/nunit/nunit.analyzers/tree/master/documentation/NUnit1033.md) [C:\UE_PROJECTS\Sdet-Task\Sdet-Task.csproj]
C:\UE_PROJECTS\Sdet-Task\UnitTest1.cs(373,9): warning NUnit1033: The Write methods are wrappers on TestContext.Out (https://github.com/nunit/nunit.analyzers/tree/master/documentation/NUnit1033.md) [C:\UE_PROJECTS\Sdet-Task\Sdet-Task.csproj]
C:\UE_PROJECTS\Sdet-Task\UnitTest1.cs(380,9): warning NUnit1033: The Write methods are wrappers on TestContext.Out (https://github.com/nunit/nunit.analyzers/tree/master/documentation/NUnit1033.md) [C:\UE_PROJECTS\Sdet-Task\Sdet-Task.csproj]
C:\UE_PROJECTS\Sdet-Task\UnitTest1.cs(383,9): warning NUnit1033: The Write methods are wrappers on TestContext.Out (https://github.com/nunit/nunit.analyzers/tree/master/documentation/NUnit1033.md) [C:\UE_PROJECTS\Sdet-Task\Sdet-Task.csproj]
C:\UE_PROJECTS\Sdet-Task\UnitTest1.cs(397,9): warning NUnit1033: The Write methods are wrappers on TestContext.Out (https://github.com/nunit/nunit.analyzers/tree/master/documentation/NUnit1033.md) [C:\UE_PROJECTS\Sdet-Task\Sdet-Task.csproj]
C:\UE_PROJECTS\Sdet-Task\UnitTest1.cs(400,13): warning NUnit1033: The Write methods are wrappers on TestContext.Out (https://github.com/nunit/nunit.analyzers/tree/master/documentation/NUnit1033.md) [C:\UE_PROJECTS\Sdet-Task\Sdet-Task.csproj]
C:\UE_PROJECTS\Sdet-Task\UnitTest1.cs(419,9): warning NUnit1033: The Write methods are wrappers on TestContext.Out (https://github.com/nunit/nunit.analyzers/tree/master/documentation/NUnit1033.md) [C:\UE_PROJECTS\Sdet-Task\Sdet-Task.csproj]
C:\UE_PROJECTS\Sdet-Task\UnitTest1.cs(424,9): warning NUnit1033: The Write methods are wrappers on TestContext.Out (https://github.com/nunit/nunit.analyzers/tree/master/documentation/NUnit1033.md) [C:\UE_PROJECTS\Sdet-Task\Sdet-Task.csproj]
C:\UE_PROJECTS\Sdet-Task\UnitTest1.cs(444,13): warning NUnit1033: The Write methods are wrappers on TestContext.Out (https://github.com/nunit/nunit.analyzers/tree/master/documentation/NUnit1033.md) [C:\UE_PROJECTS\Sdet-Task\Sdet-Task.csproj]
C:\UE_PROJECTS\Sdet-Task\UnitTest1.cs(447,9): warning NUnit1033: The Write methods are wrappers on TestContext.Out (https://github.com/nunit/nunit.analyzers/tree/master/documentation/NUnit1033.md) [C:\UE_PROJECTS\Sdet-Task\Sdet-Task.csproj]
C:\UE_PROJECTS\Sdet-Task\UnitTest1.cs(454,13): warning NUnit1033: The Write methods are wrappers on TestContext.Out (https://github.com/nunit/nunit.analyzers/tree/master/documentation/NUnit1033.md) [C:\UE_PROJECTS\Sdet-Task\Sdet-Task.csproj]
C:\UE_PROJECTS\Sdet-Task\UnitTest1.cs(541,14): warning NUnit1033: The Write methods are wrappers on TestContext.Out (https://github.com/nunit/nunit.analyzers/tree/master/documentation/NUnit1033.md) [C:\UE_PROJECTS\Sdet-Task\Sdet-Task.csproj]
C:\UE_PROJECTS\Sdet-Task\UnitTest1.cs(545,51): warning NUnit1033: The Write methods are wrappers on TestContext.Out (https://github.com/nunit/nunit.analyzers/tree/master/documentation/NUnit1033.md) [C:\UE_PROJECTS\Sdet-Task\Sdet-Task.csproj]
C:\UE_PROJECTS\Sdet-Task\UnitTest1.cs(565,13): warning NUnit1033: The Write methods are wrappers on TestContext.Out (https://github.com/nunit/nunit.analyzers/tree/master/documentation/NUnit1033.md) [C:\UE_PROJECTS\Sdet-Task\Sdet-Task.csproj]
C:\UE_PROJECTS\Sdet-Task\UnitTest1.cs(577,9): warning NUnit1033: The Write methods are wrappers on TestContext.Out (https://github.com/nunit/nunit.analyzers/tree/master/documentation/NUnit1033.md) [C:\UE_PROJECTS\Sdet-Task\Sdet-Task.csproj]
C:\UE_PROJECTS\Sdet-Task\UnitTest1.cs(627,13): warning NUnit1033: The Write methods are wrappers on TestContext.Out (https://github.com/nunit/nunit.analyzers/tree/master/documentation/NUnit1033.md) [C:\UE_PROJECTS\Sdet-Task\Sdet-Task.csproj]
C:\UE_PROJECTS\Sdet-Task\UnitTest1.cs(705,9): warning NUnit1033: The Write methods are wrappers on TestContext.Out (https://github.com/nunit/nunit.analyzers/tree/master/documentation/NUnit1033.md) [C:\UE_PROJECTS\Sdet-Task\Sdet-Task.csproj]
C:\UE_PROJECTS\Sdet-Task\UnitTest1.cs(725,9): warning NUnit1033: The Write methods are wrappers on TestContext.Out (https://github.com/nunit/nunit.analyzers/tree/master/documentation/NUnit1033.md) [C:\UE_PROJECTS\Sdet-Task\Sdet-Task.csproj]
C:\UE_PROJECTS\Sdet-Task\UnitTest1.cs(733,9): warning NUnit1033: The Write methods are wrappers on TestContext.Out (https://github.com/nunit/nunit.analyzers/tree/master/documentation/NUnit1033.md) [C:\UE_PROJECTS\Sdet-Task\Sdet-Task.csproj]

Build FAILED.

C:\UE_PROJECTS\Sdet-Task\UnitTest1.cs(518,41): warning CS8602: Dereference of a possibly null reference. [C:\UE_PROJECTS\Sdet-Task\Sdet-Task.csproj]
C:\UE_PROJECTS\Sdet-Task\UnitTest1.cs(520,30): warning CS8602: Dereference of a possibly null reference. [C:\UE_PROJECTS\Sdet-Task\Sdet-Task.csproj]
C:\UE_PROJECTS\Sdet-Task\UnitTest1.cs(671,35): warning CS8602: Dereference of a possibly null reference. [C:\UE_PROJECTS\Sdet-Task\Sdet-Task.csproj]
C:\UE_PROJECTS\Sdet-Task\UnitTest1.cs(672,35): warning CS8602: Dereference of a possibly null reference. [C:\UE_PROJECTS\Sdet-Task\Sdet-Task.csproj]
C:\UE_PROJECTS\Sdet-Task\UnitTest1.cs(682,35): warning CS8602: Dereference of a possibly null reference. [C:\UE_PROJECTS\Sdet-Task\Sdet-Task.csproj]
C:\UE_PROJECTS\Sdet-Task\UnitTest1.cs(683,35): warning CS8602: Dereference of a possibly null reference. [C:\UE_PROJECTS\Sdet-Task\Sdet-Task.csproj]
C:\UE_PROJECTS\Sdet-Task\UnitTest1.cs(689,27): warning CS8600: Converting null literal or possible null value to non-nullable type. [C:\UE_PROJECTS\Sdet-Task\Sdet-Task.csproj]
C:\UE_PROJECTS\Sdet-Task\UnitTest1.cs(32,9): warning NUnit1033: The Write methods are wrappers on TestContext.Out (https://github.com/nunit/nunit.analyzers/tree/master/documentation/NUnit1033.md) [C:\UE_PROJECTS\Sdet-Task\Sdet-Task.csproj]
C:\UE_PROJECTS\Sdet-Task\UnitTest1.cs(25,9): warning NUnit1033: The Write methods are wrappers on TestContext.Out (https://github.com/nunit/nunit.analyzers/tree/master/documentation/NUnit1033.md) [C:\UE_PROJECTS\Sdet-Task\Sdet-Task.csproj]
C:\UE_PROJECTS\Sdet-Task\UnitTest1.cs(44,9): warning NUnit1033: The Write methods are wrappers on TestContext.Out (https://github.com/nunit/nunit.analyzers/tree/master/documentation/NUnit1033.md) [C:\UE_PROJECTS\Sdet-Task\Sdet-Task.csproj]
C:\UE_PROJECTS\Sdet-Task\UnitTest1.cs(50,9): warning NUnit1033: The Write methods are wrappers on TestContext.Out (https://github.com/nunit/nunit.analyzers/tree/master/documentation/NUnit1033.md) [C:\UE_PROJECTS\Sdet-Task\Sdet-Task.csproj]
C:\UE_PROJECTS\Sdet-Task\UnitTest1.cs(54,9): warning NUnit1033: The Write methods are wrappers on TestContext.Out (https://github.com/nunit/nunit.analyzers/tree/master/documentation/NUnit1033.md) [C:\UE_PROJECTS\Sdet-Task\Sdet-Task.csproj]
C:\UE_PROJECTS\Sdet-Task\UnitTest1.cs(68,9): warning NUnit1033: The Write methods are wrappers on TestContext.Out (https://github.com/nunit/nunit.analyzers/tree/master/documentation/NUnit1033.md) [C:\UE_PROJECTS\Sdet-Task\Sdet-Task.csproj]
C:\UE_PROJECTS\Sdet-Task\UnitTest1.cs(74,9): warning NUnit1033: The Write methods are wrappers on TestContext.Out (https://github.com/nunit/nunit.analyzers/tree/master/documentation/NUnit1033.md) [C:\UE_PROJECTS\Sdet-Task\Sdet-Task.csproj]
C:\UE_PROJECTS\Sdet-Task\UnitTest1.cs(79,9): warning NUnit1033: The Write methods are wrappers on TestContext.Out (https://github.com/nunit/nunit.analyzers/tree/master/documentation/NUnit1033.md) [C:\UE_PROJECTS\Sdet-Task\Sdet-Task.csproj]
C:\UE_PROJECTS\Sdet-Task\UnitTest1.cs(93,9): warning NUnit1033: The Write methods are wrappers on TestContext.Out (https://github.com/nunit/nunit.analyzers/tree/master/documentation/NUnit1033.md) [C:\UE_PROJECTS\Sdet-Task\Sdet-Task.csproj]
C:\UE_PROJECTS\Sdet-Task\UnitTest1.cs(103,9): warning NUnit1033: The Write methods are wrappers on TestContext.Out (https://github.com/nunit/nunit.analyzers/tree/master/documentation/NUnit1033.md) [C:\UE_PROJECTS\Sdet-Task\Sdet-Task.csproj]
C:\UE_PROJECTS\Sdet-Task\UnitTest1.cs(108,9): warning NUnit1033: The Write methods are wrappers on TestContext.Out (https://github.com/nunit/nunit.analyzers/tree/master/documentation/NUnit1033.md) [C:\UE_PROJECTS\Sdet-Task\Sdet-Task.csproj]
C:\UE_PROJECTS\Sdet-Task\UnitTest1.cs(113,9): warning NUnit1033: The Write methods are wrappers on TestContext.Out (https://github.com/nunit/nunit.analyzers/tree/master/documentation/NUnit1033.md) [C:\UE_PROJECTS\Sdet-Task\Sdet-Task.csproj]
C:\UE_PROJECTS\Sdet-Task\UnitTest1.cs(122,9): warning NUnit1033: The Write methods are wrappers on TestContext.Out (https://github.com/nunit/nunit.analyzers/tree/master/documentation/NUnit1033.md) [C:\UE_PROJECTS\Sdet-Task\Sdet-Task.csproj]
C:\UE_PROJECTS\Sdet-Task\UnitTest1.cs(137,9): warning NUnit1033: The Write methods are wrappers on TestContext.Out (https://github.com/nunit/nunit.analyzers/tree/master/documentation/NUnit1033.md) [C:\UE_PROJECTS\Sdet-Task\Sdet-Task.csproj]
C:\UE_PROJECTS\Sdet-Task\UnitTest1.cs(144,9): warning NUnit1033: The Write methods are wrappers on TestContext.Out (https://github.com/nunit/nunit.analyzers/tree/master/documentation/NUnit1033.md) [C:\UE_PROJECTS\Sdet-Task\Sdet-Task.csproj]
C:\UE_PROJECTS\Sdet-Task\UnitTest1.cs(149,9): warning NUnit1033: The Write methods are wrappers on TestContext.Out (https://github.com/nunit/nunit.analyzers/tree/master/documentation/NUnit1033.md) [C:\UE_PROJECTS\Sdet-Task\Sdet-Task.csproj]
C:\UE_PROJECTS\Sdet-Task\UnitTest1.cs(162,9): warning NUnit1033: The Write methods are wrappers on TestContext.Out (https://github.com/nunit/nunit.analyzers/tree/master/documentation/NUnit1033.md) [C:\UE_PROJECTS\Sdet-Task\Sdet-Task.csproj]
C:\UE_PROJECTS\Sdet-Task\UnitTest1.cs(168,9): warning NUnit1033: The Write methods are wrappers on TestContext.Out (https://github.com/nunit/nunit.analyzers/tree/master/documentation/NUnit1033.md) [C:\UE_PROJECTS\Sdet-Task\Sdet-Task.csproj]
C:\UE_PROJECTS\Sdet-Task\UnitTest1.cs(174,9): warning NUnit1033: The Write methods are wrappers on TestContext.Out (https://github.com/nunit/nunit.analyzers/tree/master/documentation/NUnit1033.md) [C:\UE_PROJECTS\Sdet-Task\Sdet-Task.csproj]
C:\UE_PROJECTS\Sdet-Task\UnitTest1.cs(179,9): warning NUnit1033: The Write methods are wrappers on TestContext.Out (https://github.com/nunit/nunit.analyzers/tree/master/documentation/NUnit1033.md) [C:\UE_PROJECTS\Sdet-Task\Sdet-Task.csproj]
C:\UE_PROJECTS\Sdet-Task\UnitTest1.cs(184,13): warning NUnit1033: The Write methods are wrappers on TestContext.Out (https://github.com/nunit/nunit.analyzers/tree/master/documentation/NUnit1033.md) [C:\UE_PROJECTS\Sdet-Task\Sdet-Task.csproj]
C:\UE_PROJECTS\Sdet-Task\UnitTest1.cs(192,21): warning NUnit1033: The Write methods are wrappers on TestContext.Out (https://github.com/nunit/nunit.analyzers/tree/master/documentation/NUnit1033.md) [C:\UE_PROJECTS\Sdet-Task\Sdet-Task.csproj]
C:\UE_PROJECTS\Sdet-Task\UnitTest1.cs(200,21): warning NUnit1033: The Write methods are wrappers on TestContext.Out (https://github.com/nunit/nunit.analyzers/tree/master/documentation/NUnit1033.md) [C:\UE_PROJECTS\Sdet-Task\Sdet-Task.csproj]
C:\UE_PROJECTS\Sdet-Task\UnitTest1.cs(204,17): warning NUnit1033: The Write methods are wrappers on TestContext.Out (https://github.com/nunit/nunit.analyzers/tree/master/documentation/NUnit1033.md) [C:\UE_PROJECTS\Sdet-Task\Sdet-Task.csproj]
C:\UE_PROJECTS\Sdet-Task\UnitTest1.cs(211,25): warning NUnit1033: The Write methods are wrappers on TestContext.Out (https://github.com/nunit/nunit.analyzers/tree/master/documentation/NUnit1033.md) [C:\UE_PROJECTS\Sdet-Task\Sdet-Task.csproj]
C:\UE_PROJECTS\Sdet-Task\UnitTest1.cs(216,17): warning NUnit1033: The Write methods are wrappers on TestContext.Out (https://github.com/nunit/nunit.analyzers/tree/master/documentation/NUnit1033.md) [C:\UE_PROJECTS\Sdet-Task\Sdet-Task.csproj]
C:\UE_PROJECTS\Sdet-Task\UnitTest1.cs(220,17): warning NUnit1033: The Write methods are wrappers on TestContext.Out (https://github.com/nunit/nunit.analyzers/tree/master/documentation/NUnit1033.md) [C:\UE_PROJECTS\Sdet-Task\Sdet-Task.csproj]
C:\UE_PROJECTS\Sdet-Task\UnitTest1.cs(281,9): warning NUnit1033: The Write methods are wrappers on TestContext.Out (https://github.com/nunit/nunit.analyzers/tree/master/documentation/NUnit1033.md) [C:\UE_PROJECTS\Sdet-Task\Sdet-Task.csproj]
C:\UE_PROJECTS\Sdet-Task\UnitTest1.cs(285,9): warning NUnit1033: The Write methods are wrappers on TestContext.Out (https://github.com/nunit/nunit.analyzers/tree/master/documentation/NUnit1033.md) [C:\UE_PROJECTS\Sdet-Task\Sdet-Task.csproj]
C:\UE_PROJECTS\Sdet-Task\UnitTest1.cs(289,13): warning NUnit1033: The Write methods are wrappers on TestContext.Out (https://github.com/nunit/nunit.analyzers/tree/master/documentation/NUnit1033.md) [C:\UE_PROJECTS\Sdet-Task\Sdet-Task.csproj]
C:\UE_PROJECTS\Sdet-Task\UnitTest1.cs(293,13): warning NUnit1033: The Write methods are wrappers on TestContext.Out (https://github.com/nunit/nunit.analyzers/tree/master/documentation/NUnit1033.md) [C:\UE_PROJECTS\Sdet-Task\Sdet-Task.csproj]
C:\UE_PROJECTS\Sdet-Task\UnitTest1.cs(298,9): warning NUnit1033: The Write methods are wrappers on TestContext.Out (https://github.com/nunit/nunit.analyzers/tree/master/documentation/NUnit1033.md) [C:\UE_PROJECTS\Sdet-Task\Sdet-Task.csproj]
C:\UE_PROJECTS\Sdet-Task\UnitTest1.cs(318,21): warning NUnit1033: The Write methods are wrappers on TestContext.Out (https://github.com/nunit/nunit.analyzers/tree/master/documentation/NUnit1033.md) [C:\UE_PROJECTS\Sdet-Task\Sdet-Task.csproj]
C:\UE_PROJECTS\Sdet-Task\UnitTest1.cs(336,17): warning NUnit1033: The Write methods are wrappers on TestContext.Out (https://github.com/nunit/nunit.analyzers/tree/master/documentation/NUnit1033.md) [C:\UE_PROJECTS\Sdet-Task\Sdet-Task.csproj]
C:\UE_PROJECTS\Sdet-Task\UnitTest1.cs(341,17): warning NUnit1033: The Write methods are wrappers on TestContext.Out (https://github.com/nunit/nunit.analyzers/tree/master/documentation/NUnit1033.md) [C:\UE_PROJECTS\Sdet-Task\Sdet-Task.csproj]
C:\UE_PROJECTS\Sdet-Task\UnitTest1.cs(345,21): warning NUnit1033: The Write methods are wrappers on TestContext.Out (https://github.com/nunit/nunit.analyzers/tree/master/documentation/NUnit1033.md) [C:\UE_PROJECTS\Sdet-Task\Sdet-Task.csproj]
C:\UE_PROJECTS\Sdet-Task\UnitTest1.cs(353,9): warning NUnit1033: The Write methods are wrappers on TestContext.Out (https://github.com/nunit/nunit.analyzers/tree/master/documentation/NUnit1033.md) [C:\UE_PROJECTS\Sdet-Task\Sdet-Task.csproj]
C:\UE_PROJECTS\Sdet-Task\UnitTest1.cs(373,9): warning NUnit1033: The Write methods are wrappers on TestContext.Out (https://github.com/nunit/nunit.analyzers/tree/master/documentation/NUnit1033.md) [C:\UE_PROJECTS\Sdet-Task\Sdet-Task.csproj]
C:\UE_PROJECTS\Sdet-Task\UnitTest1.cs(380,9): warning NUnit1033: The Write methods are wrappers on TestContext.Out (https://github.com/nunit/nunit.analyzers/tree/master/documentation/NUnit1033.md) [C:\UE_PROJECTS\Sdet-Task\Sdet-Task.csproj]
C:\UE_PROJECTS\Sdet-Task\UnitTest1.cs(383,9): warning NUnit1033: The Write methods are wrappers on TestContext.Out (https://github.com/nunit/nunit.analyzers/tree/master/documentation/NUnit1033.md) [C:\UE_PROJECTS\Sdet-Task\Sdet-Task.csproj]
C:\UE_PROJECTS\Sdet-Task\UnitTest1.cs(397,9): warning NUnit1033: The Write methods are wrappers on TestContext.Out (https://github.com/nunit/nunit.analyzers/tree/master/documentation/NUnit1033.md) [C:\UE_PROJECTS\Sdet-Task\Sdet-Task.csproj]
C:\UE_PROJECTS\Sdet-Task\UnitTest1.cs(400,13): warning NUnit1033: The Write methods are wrappers on TestContext.Out (https://github.com/nunit/nunit.analyzers/tree/master/documentation/NUnit1033.md) [C:\UE_PROJECTS\Sdet-Task\Sdet-Task.csproj]
C:\UE_PROJECTS\Sdet-Task\UnitTest1.cs(419,9): warning NUnit1033: The Write methods are wrappers on TestContext.Out (https://github.com/nunit/nunit.analyzers/tree/master/documentation/NUnit1033.md) [C:\UE_PROJECTS\Sdet-Task\Sdet-Task.csproj]
C:\UE_PROJECTS\Sdet-Task\UnitTest1.cs(424,9): warning NUnit1033: The Write methods are wrappers on TestContext.Out (https://github.com/nunit/nunit.analyzers/tree/master/documentation/NUnit1033.md) [C:\UE_PROJECTS\Sdet-Task\Sdet-Task.csproj]
C:\UE_PROJECTS\Sdet-Task\UnitTest1.cs(444,13): warning NUnit1033: The Write methods are wrappers on TestContext.Out (https://github.com/nunit/nunit.analyzers/tree/master/documentation/NUnit1033.md) [C:\UE_PROJECTS\Sdet-Task\Sdet-Task.csproj]
C:\UE_PROJECTS\Sdet-Task\UnitTest1.cs(447,9): warning NUnit1033: The Write methods are wrappers on TestContext.Out (https://github.com/nunit/nunit.analyzers/tree/master/documentation/NUnit1033.md) [C:\UE_PROJECTS\Sdet-Task\Sdet-Task.csproj]
C:\UE_PROJECTS\Sdet-Task\UnitTest1.cs(454,13): warning NUnit1033: The Write methods are wrappers on TestContext.Out (https://github.com/nunit/nunit.analyzers/tree/master/documentation/NUnit1033.md) [C:\UE_PROJECTS\Sdet-Task\Sdet-Task.csproj]
C:\UE_PROJECTS\Sdet-Task\UnitTest1.cs(541,14): warning NUnit1033: The Write methods are wrappers on TestContext.Out (https://github.com/nunit/nunit.analyzers/tree/master/documentation/NUnit1033.md) [C:\UE_PROJECTS\Sdet-Task\Sdet-Task.csproj]
C:\UE_PROJECTS\Sdet-Task\UnitTest1.cs(545,51): warning NUnit1033: The Write methods are wrappers on TestContext.Out (https://github.com/nunit/nunit.analyzers/tree/master/documentation/NUnit1033.md) [C:\UE_PROJECTS\Sdet-Task\Sdet-Task.csproj]
C:\UE_PROJECTS\Sdet-Task\UnitTest1.cs(565,13): warning NUnit1033: The Write methods are wrappers on TestContext.Out (https://github.com/nunit/nunit.analyzers/tree/master/documentation/NUnit1033.md) [C:\UE_PROJECTS\Sdet-Task\Sdet-Task.csproj]
C:\UE_PROJECTS\Sdet-Task\UnitTest1.cs(577,9): warning NUnit1033: The Write methods are wrappers on TestContext.Out (https://github.com/nunit/nunit.analyzers/tree/master/documentation/NUnit1033.md) [C:\UE_PROJECTS\Sdet-Task\Sdet-Task.csproj]
C:\UE_PROJECTS\Sdet-Task\UnitTest1.cs(627,13): warning NUnit1033: The Write methods are wrappers on TestContext.Out (https://github.com/nunit/nunit.analyzers/tree/master/documentation/NUnit1033.md) [C:\UE_PROJECTS\Sdet-Task\Sdet-Task.csproj]
C:\UE_PROJECTS\Sdet-Task\UnitTest1.cs(705,9): warning NUnit1033: The Write methods are wrappers on TestContext.Out (https://github.com/nunit/nunit.analyzers/tree/master/documentation/NUnit1033.md) [C:\UE_PROJECTS\Sdet-Task\Sdet-Task.csproj]
C:\UE_PROJECTS\Sdet-Task\UnitTest1.cs(725,9): warning NUnit1033: The Write methods are wrappers on TestContext.Out (https://github.com/nunit/nunit.analyzers/tree/master/documentation/NUnit1033.md) [C:\UE_PROJECTS\Sdet-Task\Sdet-Task.csproj]
C:\UE_PROJECTS\Sdet-Task\UnitTest1.cs(733,9): warning NUnit1033: The Write methods are wrappers on TestContext.Out (https://github.com/nunit/nunit.analyzers/tree/master/documentation/NUnit1033.md) [C:\UE_PROJECTS\Sdet-Task\Sdet-Task.csproj]
C:\UE_PROJECTS\Sdet-Task\UnitTest1.cs(589,13): error CS0246: The type or namespace name 'MethodInfo' could not be found (are you missing a using directive or an assembly reference?) [C:\UE_PROJECTS\Sdet-Task\Sdet-Task.csproj]
C:\UE_PROJECTS\Sdet-Task\UnitTest1.cs(601,17): error CS0019: Operator '!=' cannot be applied to operands of type 'MethodInfo?' and '<null>' [C:\UE_PROJECTS\Sdet-Task\Sdet-Task.csproj]
C:\UE_PROJECTS\Sdet-Task\UnitTest1.cs(603,34): error CS1061: 'MethodInfo?' does not contain a definition for 'IsGenericMethodDefinition' and no accessible extension method 'IsGenericMethodDefinition' accepting a first argument of type 'MethodInfo?' could be found (are you missing a using directive or an assembly reference?) [C:\UE_PROJECTS\Sdet-Task\Sdet-Task.csproj]
C:\UE_PROJECTS\Sdet-Task\UnitTest1.cs(605,49): error CS1061: 'MethodInfo?' does not contain a definition for 'MakeGenericMethod' and no accessible extension method 'MakeGenericMethod' accepting a first argument of type 'MethodInfo?' could be found (are you missing a using directive or an assembly reference?) [C:\UE_PROJECTS\Sdet-Task\Sdet-Task.csproj]
C:\UE_PROJECTS\Sdet-Task\UnitTest1.cs(608,30): error CS1061: 'MethodInfo?' does not contain a definition for 'Invoke' and no accessible extension method 'Invoke' accepting a first argument of type 'MethodInfo?' could be found (are you missing a using directive or an assembly reference?) [C:\UE_PROJECTS\Sdet-Task\Sdet-Task.csproj]
    62 Warning(s)
    5 Error(s)

Time Elapsed 00:00:01.27
