  Determining projects to restore...
  All projects are up-to-date for restore.
C:\UE_PROJECTS\Sdet-Task\UnitTest1.cs(521,41): warning CS8602: Dereference of a possibly null reference. [C:\UE_PROJECTS\Sdet-Task\Sdet-Task.csproj]
C:\UE_PROJECTS\Sdet-Task\UnitTest1.cs(523,30): warning CS8602: Dereference of a possibly null reference. [C:\UE_PROJECTS\Sdet-Task\Sdet-Task.csproj]
C:\UE_PROJECTS\Sdet-Task\UnitTest1.cs(676,35): warning CS8602: Dereference of a possibly null reference. [C:\UE_PROJECTS\Sdet-Task\Sdet-Task.csproj]
C:\UE_PROJECTS\Sdet-Task\UnitTest1.cs(677,35): warning CS8602: Dereference of a possibly null reference. [C:\UE_PROJECTS\Sdet-Task\Sdet-Task.csproj]
C:\UE_PROJECTS\Sdet-Task\UnitTest1.cs(687,35): warning CS8602: Dereference of a possibly null reference. [C:\UE_PROJECTS\Sdet-Task\Sdet-Task.csproj]
C:\UE_PROJECTS\Sdet-Task\UnitTest1.cs(688,35): warning CS8602: Dereference of a possibly null reference. [C:\UE_PROJECTS\Sdet-Task\Sdet-Task.csproj]
C:\UE_PROJECTS\Sdet-Task\UnitTest1.cs(694,27): warning CS8600: Converting null literal or possible null value to non-nullable type. [C:\UE_PROJECTS\Sdet-Task\Sdet-Task.csproj]
C:\UE_PROJECTS\Sdet-Task\UnitTest1.cs(35,9): warning NUnit1033: The Write methods are wrappers on TestContext.Out (https://github.com/nunit/nunit.analyzers/tree/master/documentation/NUnit1033.md) [C:\UE_PROJECTS\Sdet-Task\Sdet-Task.csproj]
C:\UE_PROJECTS\Sdet-Task\UnitTest1.cs(28,9): warning NUnit1033: The Write methods are wrappers on TestContext.Out (https://github.com/nunit/nunit.analyzers/tree/master/documentation/NUnit1033.md) [C:\UE_PROJECTS\Sdet-Task\Sdet-Task.csproj]
C:\UE_PROJECTS\Sdet-Task\UnitTest1.cs(47,9): warning NUnit1033: The Write methods are wrappers on TestContext.Out (https://github.com/nunit/nunit.analyzers/tree/master/documentation/NUnit1033.md) [C:\UE_PROJECTS\Sdet-Task\Sdet-Task.csproj]
C:\UE_PROJECTS\Sdet-Task\UnitTest1.cs(53,9): warning NUnit1033: The Write methods are wrappers on TestContext.Out (https://github.com/nunit/nunit.analyzers/tree/master/documentation/NUnit1033.md) [C:\UE_PROJECTS\Sdet-Task\Sdet-Task.csproj]
C:\UE_PROJECTS\Sdet-Task\UnitTest1.cs(57,9): warning NUnit1033: The Write methods are wrappers on TestContext.Out (https://github.com/nunit/nunit.analyzers/tree/master/documentation/NUnit1033.md) [C:\UE_PROJECTS\Sdet-Task\Sdet-Task.csproj]
C:\UE_PROJECTS\Sdet-Task\UnitTest1.cs(71,9): warning NUnit1033: The Write methods are wrappers on TestContext.Out (https://github.com/nunit/nunit.analyzers/tree/master/documentation/NUnit1033.md) [C:\UE_PROJECTS\Sdet-Task\Sdet-Task.csproj]
C:\UE_PROJECTS\Sdet-Task\UnitTest1.cs(77,9): warning NUnit1033: The Write methods are wrappers on TestContext.Out (https://github.com/nunit/nunit.analyzers/tree/master/documentation/NUnit1033.md) [C:\UE_PROJECTS\Sdet-Task\Sdet-Task.csproj]
C:\UE_PROJECTS\Sdet-Task\UnitTest1.cs(82,9): warning NUnit1033: The Write methods are wrappers on TestContext.Out (https://github.com/nunit/nunit.analyzers/tree/master/documentation/NUnit1033.md) [C:\UE_PROJECTS\Sdet-Task\Sdet-Task.csproj]
C:\UE_PROJECTS\Sdet-Task\UnitTest1.cs(96,9): warning NUnit1033: The Write methods are wrappers on TestContext.Out (https://github.com/nunit/nunit.analyzers/tree/master/documentation/NUnit1033.md) [C:\UE_PROJECTS\Sdet-Task\Sdet-Task.csproj]
C:\UE_PROJECTS\Sdet-Task\UnitTest1.cs(106,9): warning NUnit1033: The Write methods are wrappers on TestContext.Out (https://github.com/nunit/nunit.analyzers/tree/master/documentation/NUnit1033.md) [C:\UE_PROJECTS\Sdet-Task\Sdet-Task.csproj]
C:\UE_PROJECTS\Sdet-Task\UnitTest1.cs(111,9): warning NUnit1033: The Write methods are wrappers on TestContext.Out (https://github.com/nunit/nunit.analyzers/tree/master/documentation/NUnit1033.md) [C:\UE_PROJECTS\Sdet-Task\Sdet-Task.csproj]
C:\UE_PROJECTS\Sdet-Task\UnitTest1.cs(116,9): warning NUnit1033: The Write methods are wrappers on TestContext.Out (https://github.com/nunit/nunit.analyzers/tree/master/documentation/NUnit1033.md) [C:\UE_PROJECTS\Sdet-Task\Sdet-Task.csproj]
C:\UE_PROJECTS\Sdet-Task\UnitTest1.cs(125,9): warning NUnit1033: The Write methods are wrappers on TestContext.Out (https://github.com/nunit/nunit.analyzers/tree/master/documentation/NUnit1033.md) [C:\UE_PROJECTS\Sdet-Task\Sdet-Task.csproj]
C:\UE_PROJECTS\Sdet-Task\UnitTest1.cs(140,9): warning NUnit1033: The Write methods are wrappers on TestContext.Out (https://github.com/nunit/nunit.analyzers/tree/master/documentation/NUnit1033.md) [C:\UE_PROJECTS\Sdet-Task\Sdet-Task.csproj]
C:\UE_PROJECTS\Sdet-Task\UnitTest1.cs(147,9): warning NUnit1033: The Write methods are wrappers on TestContext.Out (https://github.com/nunit/nunit.analyzers/tree/master/documentation/NUnit1033.md) [C:\UE_PROJECTS\Sdet-Task\Sdet-Task.csproj]
C:\UE_PROJECTS\Sdet-Task\UnitTest1.cs(152,9): warning NUnit1033: The Write methods are wrappers on TestContext.Out (https://github.com/nunit/nunit.analyzers/tree/master/documentation/NUnit1033.md) [C:\UE_PROJECTS\Sdet-Task\Sdet-Task.csproj]
C:\UE_PROJECTS\Sdet-Task\UnitTest1.cs(165,9): warning NUnit1033: The Write methods are wrappers on TestContext.Out (https://github.com/nunit/nunit.analyzers/tree/master/documentation/NUnit1033.md) [C:\UE_PROJECTS\Sdet-Task\Sdet-Task.csproj]
C:\UE_PROJECTS\Sdet-Task\UnitTest1.cs(171,9): warning NUnit1033: The Write methods are wrappers on TestContext.Out (https://github.com/nunit/nunit.analyzers/tree/master/documentation/NUnit1033.md) [C:\UE_PROJECTS\Sdet-Task\Sdet-Task.csproj]
C:\UE_PROJECTS\Sdet-Task\UnitTest1.cs(177,9): warning NUnit1033: The Write methods are wrappers on TestContext.Out (https://github.com/nunit/nunit.analyzers/tree/master/documentation/NUnit1033.md) [C:\UE_PROJECTS\Sdet-Task\Sdet-Task.csproj]
C:\UE_PROJECTS\Sdet-Task\UnitTest1.cs(182,9): warning NUnit1033: The Write methods are wrappers on TestContext.Out (https://github.com/nunit/nunit.analyzers/tree/master/documentation/NUnit1033.md) [C:\UE_PROJECTS\Sdet-Task\Sdet-Task.csproj]
C:\UE_PROJECTS\Sdet-Task\UnitTest1.cs(187,13): warning NUnit1033: The Write methods are wrappers on TestContext.Out (https://github.com/nunit/nunit.analyzers/tree/master/documentation/NUnit1033.md) [C:\UE_PROJECTS\Sdet-Task\Sdet-Task.csproj]
C:\UE_PROJECTS\Sdet-Task\UnitTest1.cs(195,21): warning NUnit1033: The Write methods are wrappers on TestContext.Out (https://github.com/nunit/nunit.analyzers/tree/master/documentation/NUnit1033.md) [C:\UE_PROJECTS\Sdet-Task\Sdet-Task.csproj]
C:\UE_PROJECTS\Sdet-Task\UnitTest1.cs(203,21): warning NUnit1033: The Write methods are wrappers on TestContext.Out (https://github.com/nunit/nunit.analyzers/tree/master/documentation/NUnit1033.md) [C:\UE_PROJECTS\Sdet-Task\Sdet-Task.csproj]
C:\UE_PROJECTS\Sdet-Task\UnitTest1.cs(207,17): warning NUnit1033: The Write methods are wrappers on TestContext.Out (https://github.com/nunit/nunit.analyzers/tree/master/documentation/NUnit1033.md) [C:\UE_PROJECTS\Sdet-Task\Sdet-Task.csproj]
C:\UE_PROJECTS\Sdet-Task\UnitTest1.cs(214,25): warning NUnit1033: The Write methods are wrappers on TestContext.Out (https://github.com/nunit/nunit.analyzers/tree/master/documentation/NUnit1033.md) [C:\UE_PROJECTS\Sdet-Task\Sdet-Task.csproj]
C:\UE_PROJECTS\Sdet-Task\UnitTest1.cs(219,17): warning NUnit1033: The Write methods are wrappers on TestContext.Out (https://github.com/nunit/nunit.analyzers/tree/master/documentation/NUnit1033.md) [C:\UE_PROJECTS\Sdet-Task\Sdet-Task.csproj]
C:\UE_PROJECTS\Sdet-Task\UnitTest1.cs(223,17): warning NUnit1033: The Write methods are wrappers on TestContext.Out (https://github.com/nunit/nunit.analyzers/tree/master/documentation/NUnit1033.md) [C:\UE_PROJECTS\Sdet-Task\Sdet-Task.csproj]
C:\UE_PROJECTS\Sdet-Task\UnitTest1.cs(284,9): warning NUnit1033: The Write methods are wrappers on TestContext.Out (https://github.com/nunit/nunit.analyzers/tree/master/documentation/NUnit1033.md) [C:\UE_PROJECTS\Sdet-Task\Sdet-Task.csproj]
C:\UE_PROJECTS\Sdet-Task\UnitTest1.cs(288,9): warning NUnit1033: The Write methods are wrappers on TestContext.Out (https://github.com/nunit/nunit.analyzers/tree/master/documentation/NUnit1033.md) [C:\UE_PROJECTS\Sdet-Task\Sdet-Task.csproj]
C:\UE_PROJECTS\Sdet-Task\UnitTest1.cs(292,13): warning NUnit1033: The Write methods are wrappers on TestContext.Out (https://github.com/nunit/nunit.analyzers/tree/master/documentation/NUnit1033.md) [C:\UE_PROJECTS\Sdet-Task\Sdet-Task.csproj]
C:\UE_PROJECTS\Sdet-Task\UnitTest1.cs(296,13): warning NUnit1033: The Write methods are wrappers on TestContext.Out (https://github.com/nunit/nunit.analyzers/tree/master/documentation/NUnit1033.md) [C:\UE_PROJECTS\Sdet-Task\Sdet-Task.csproj]
C:\UE_PROJECTS\Sdet-Task\UnitTest1.cs(301,9): warning NUnit1033: The Write methods are wrappers on TestContext.Out (https://github.com/nunit/nunit.analyzers/tree/master/documentation/NUnit1033.md) [C:\UE_PROJECTS\Sdet-Task\Sdet-Task.csproj]
C:\UE_PROJECTS\Sdet-Task\UnitTest1.cs(321,21): warning NUnit1033: The Write methods are wrappers on TestContext.Out (https://github.com/nunit/nunit.analyzers/tree/master/documentation/NUnit1033.md) [C:\UE_PROJECTS\Sdet-Task\Sdet-Task.csproj]
C:\UE_PROJECTS\Sdet-Task\UnitTest1.cs(339,17): warning NUnit1033: The Write methods are wrappers on TestContext.Out (https://github.com/nunit/nunit.analyzers/tree/master/documentation/NUnit1033.md) [C:\UE_PROJECTS\Sdet-Task\Sdet-Task.csproj]
C:\UE_PROJECTS\Sdet-Task\UnitTest1.cs(344,17): warning NUnit1033: The Write methods are wrappers on TestContext.Out (https://github.com/nunit/nunit.analyzers/tree/master/documentation/NUnit1033.md) [C:\UE_PROJECTS\Sdet-Task\Sdet-Task.csproj]
C:\UE_PROJECTS\Sdet-Task\UnitTest1.cs(348,21): warning NUnit1033: The Write methods are wrappers on TestContext.Out (https://github.com/nunit/nunit.analyzers/tree/master/documentation/NUnit1033.md) [C:\UE_PROJECTS\Sdet-Task\Sdet-Task.csproj]
C:\UE_PROJECTS\Sdet-Task\UnitTest1.cs(356,9): warning NUnit1033: The Write methods are wrappers on TestContext.Out (https://github.com/nunit/nunit.analyzers/tree/master/documentation/NUnit1033.md) [C:\UE_PROJECTS\Sdet-Task\Sdet-Task.csproj]
C:\UE_PROJECTS\Sdet-Task\UnitTest1.cs(376,9): warning NUnit1033: The Write methods are wrappers on TestContext.Out (https://github.com/nunit/nunit.analyzers/tree/master/documentation/NUnit1033.md) [C:\UE_PROJECTS\Sdet-Task\Sdet-Task.csproj]
C:\UE_PROJECTS\Sdet-Task\UnitTest1.cs(383,9): warning NUnit1033: The Write methods are wrappers on TestContext.Out (https://github.com/nunit/nunit.analyzers/tree/master/documentation/NUnit1033.md) [C:\UE_PROJECTS\Sdet-Task\Sdet-Task.csproj]
C:\UE_PROJECTS\Sdet-Task\UnitTest1.cs(386,9): warning NUnit1033: The Write methods are wrappers on TestContext.Out (https://github.com/nunit/nunit.analyzers/tree/master/documentation/NUnit1033.md) [C:\UE_PROJECTS\Sdet-Task\Sdet-Task.csproj]
C:\UE_PROJECTS\Sdet-Task\UnitTest1.cs(400,9): warning NUnit1033: The Write methods are wrappers on TestContext.Out (https://github.com/nunit/nunit.analyzers/tree/master/documentation/NUnit1033.md) [C:\UE_PROJECTS\Sdet-Task\Sdet-Task.csproj]
C:\UE_PROJECTS\Sdet-Task\UnitTest1.cs(403,13): warning NUnit1033: The Write methods are wrappers on TestContext.Out (https://github.com/nunit/nunit.analyzers/tree/master/documentation/NUnit1033.md) [C:\UE_PROJECTS\Sdet-Task\Sdet-Task.csproj]
C:\UE_PROJECTS\Sdet-Task\UnitTest1.cs(422,9): warning NUnit1033: The Write methods are wrappers on TestContext.Out (https://github.com/nunit/nunit.analyzers/tree/master/documentation/NUnit1033.md) [C:\UE_PROJECTS\Sdet-Task\Sdet-Task.csproj]
C:\UE_PROJECTS\Sdet-Task\UnitTest1.cs(427,9): warning NUnit1033: The Write methods are wrappers on TestContext.Out (https://github.com/nunit/nunit.analyzers/tree/master/documentation/NUnit1033.md) [C:\UE_PROJECTS\Sdet-Task\Sdet-Task.csproj]
C:\UE_PROJECTS\Sdet-Task\UnitTest1.cs(447,13): warning NUnit1033: The Write methods are wrappers on TestContext.Out (https://github.com/nunit/nunit.analyzers/tree/master/documentation/NUnit1033.md) [C:\UE_PROJECTS\Sdet-Task\Sdet-Task.csproj]
C:\UE_PROJECTS\Sdet-Task\UnitTest1.cs(450,9): warning NUnit1033: The Write methods are wrappers on TestContext.Out (https://github.com/nunit/nunit.analyzers/tree/master/documentation/NUnit1033.md) [C:\UE_PROJECTS\Sdet-Task\Sdet-Task.csproj]
C:\UE_PROJECTS\Sdet-Task\UnitTest1.cs(457,13): warning NUnit1033: The Write methods are wrappers on TestContext.Out (https://github.com/nunit/nunit.analyzers/tree/master/documentation/NUnit1033.md) [C:\UE_PROJECTS\Sdet-Task\Sdet-Task.csproj]
C:\UE_PROJECTS\Sdet-Task\UnitTest1.cs(544,14): warning NUnit1033: The Write methods are wrappers on TestContext.Out (https://github.com/nunit/nunit.analyzers/tree/master/documentation/NUnit1033.md) [C:\UE_PROJECTS\Sdet-Task\Sdet-Task.csproj]
C:\UE_PROJECTS\Sdet-Task\UnitTest1.cs(548,51): warning NUnit1033: The Write methods are wrappers on TestContext.Out (https://github.com/nunit/nunit.analyzers/tree/master/documentation/NUnit1033.md) [C:\UE_PROJECTS\Sdet-Task\Sdet-Task.csproj]
C:\UE_PROJECTS\Sdet-Task\UnitTest1.cs(568,13): warning NUnit1033: The Write methods are wrappers on TestContext.Out (https://github.com/nunit/nunit.analyzers/tree/master/documentation/NUnit1033.md) [C:\UE_PROJECTS\Sdet-Task\Sdet-Task.csproj]
C:\UE_PROJECTS\Sdet-Task\UnitTest1.cs(580,9): warning NUnit1033: The Write methods are wrappers on TestContext.Out (https://github.com/nunit/nunit.analyzers/tree/master/documentation/NUnit1033.md) [C:\UE_PROJECTS\Sdet-Task\Sdet-Task.csproj]
C:\UE_PROJECTS\Sdet-Task\UnitTest1.cs(631,13): warning NUnit1033: The Write methods are wrappers on TestContext.Out (https://github.com/nunit/nunit.analyzers/tree/master/documentation/NUnit1033.md) [C:\UE_PROJECTS\Sdet-Task\Sdet-Task.csproj]
C:\UE_PROJECTS\Sdet-Task\UnitTest1.cs(632,13): warning NUnit1033: The Write methods are wrappers on TestContext.Out (https://github.com/nunit/nunit.analyzers/tree/master/documentation/NUnit1033.md) [C:\UE_PROJECTS\Sdet-Task\Sdet-Task.csproj]
C:\UE_PROJECTS\Sdet-Task\UnitTest1.cs(710,9): warning NUnit1033: The Write methods are wrappers on TestContext.Out (https://github.com/nunit/nunit.analyzers/tree/master/documentation/NUnit1033.md) [C:\UE_PROJECTS\Sdet-Task\Sdet-Task.csproj]
C:\UE_PROJECTS\Sdet-Task\UnitTest1.cs(730,9): warning NUnit1033: The Write methods are wrappers on TestContext.Out (https://github.com/nunit/nunit.analyzers/tree/master/documentation/NUnit1033.md) [C:\UE_PROJECTS\Sdet-Task\Sdet-Task.csproj]
C:\UE_PROJECTS\Sdet-Task\UnitTest1.cs(738,9): warning NUnit1033: The Write methods are wrappers on TestContext.Out (https://github.com/nunit/nunit.analyzers/tree/master/documentation/NUnit1033.md) [C:\UE_PROJECTS\Sdet-Task\Sdet-Task.csproj]
  Sdet-Task -> C:\UE_PROJECTS\Sdet-Task\bin\Debug\net9.0\Sdet-Task.dll
Test run for C:\UE_PROJECTS\Sdet-Task\bin\Debug\net9.0\Sdet-Task.dll (.NETCoreApp,Version=v9.0)
VSTest version 17.14.1 (x64)

Starting test execution, please wait...
A total of 1 test files matched the specified pattern.
  Failed Test06_VerifyAimingFunction [573 ms]
  Error Message:
   AltTester.AltTesterSDK.Driver.MethodNotFoundException : Method Test_SetControlRotation not found in 
  Stack Trace:
     at AltTester.AltTesterSDK.Driver.Communication.DriverCommunicationHandler.handleErrors(CommandError error)
   at AltTester.AltTesterSDK.Driver.Communication.DriverCommunicationHandler.Recvall[T](CommandParams param)
   at AltTester.AltTesterSDK.Driver.Commands.AltCallComponentMethod`1.Execute()
   at AltTester.AltTesterSDK.Driver.AltObject.CallComponentMethod[T](String componentName, String methodName, String assemblyName, Object[] parameters, String[] typeOfParameters)
   at System.RuntimeMethodHandle.InvokeMethod(Object target, Void** arguments, Signature sig, Boolean isConstructor)
   at System.Reflection.MethodBaseInvoker.InvokeWithManyArgs(Object obj, BindingFlags invokeAttr, Binder binder, Object[] parameters, CultureInfo culture)

  Standard Output Messages:
 TEST: Verifying AimAt helper method...
 Target acquired: [TargetObject]
 Aiming at B_WeaponSpawner_C_UAID_E04F43E61E7294F700_2078486703: Pitch=-44.29, Yaw=179.30
 Failed to call Test_SetControlRotation. Error: Method Test_SetControlRotation not found in 
 Full Exception: System.Reflection.TargetInvocationException: Exception has been thrown by the target of an invocation.
  ---> AltTester.AltTesterSDK.Driver.MethodNotFoundException: Method Test_SetControlRotation not found in 
    at AltTester.AltTesterSDK.Driver.Communication.DriverCommunicationHandler.handleErrors(CommandError error)
    at AltTester.AltTesterSDK.Driver.Communication.DriverCommunicationHandler.Recvall[T](CommandParams param)
    at AltTester.AltTesterSDK.Driver.Commands.AltCallComponentMethod`1.Execute()
    at AltTester.AltTesterSDK.Driver.AltObject.CallComponentMethod[T](String componentName, String methodName, String assemblyName, Object[] parameters, String[] typeOfParameters)
    at System.RuntimeMethodHandle.InvokeMethod(Object target, Void** arguments, Signature sig, Boolean isConstructor)
    at System.Reflection.MethodBaseInvoker.InvokeWithManyArgs(Object obj, BindingFlags invokeAttr, Binder binder, Object[] parameters, CultureInfo culture)
    --- End of inner exception stack trace ---
    at System.Reflection.MethodBaseInvoker.InvokeWithManyArgs(Object obj, BindingFlags invokeAttr, Binder binder, Object[] parameters, CultureInfo culture)
    at System.Reflection.RuntimeMethodInfo.Invoke(Object obj, BindingFlags invokeAttr, Binder binder, Object[] parameters, CultureInfo culture)
    at System.Reflection.MethodBase.Invoke(Object obj, Object[] parameters)
    at Sdet_Task.LyraSmokeTests.AimAt(Object targetObj) in C:\UE_PROJECTS\Sdet-Task\UnitTest1.cs:line 611



Failed!  - Failed:     1, Passed:     0, Skipped:     0, Total:     1, Duration: 573 ms - Sdet-Task.dll (net9.0)
