  Determining projects to restore...
  All projects are up-to-date for restore.
  Sdet-Task -> C:\UE_PROJECTS\Sdet-Task\bin\Debug\net9.0\Sdet-Task.dll
Test run for C:\UE_PROJECTS\Sdet-Task\bin\Debug\net9.0\Sdet-Task.dll (.NETCoreApp,Version=v9.0)
VSTest version 17.14.1 (x64)

Starting test execution, please wait...
A total of 1 test files matched the specified pattern.
  Failed Test06_VerifyAimingFunction [1 m]
  Error Message:
   AltTester.AltTesterSDK.Driver.CommandResponseTimeoutException : Exception of type 'AltTester.AltTesterSDK.Driver.CommandResponseTimeoutException' was thrown.
  Stack Trace:
     at AltTester.AltTesterSDK.Driver.Communication.DriverCommunicationHandler.Recvall[T](CommandParams param)
   at AltTester.AltTesterSDK.Driver.Commands.AltCallComponentMethod`1.Execute()
   at AltTester.AltTesterSDK.Driver.AltObject.CallComponentMethod[T](String componentName, String methodName, String assemblyName, Object[] parameters, String[] typeOfParameters)
   at System.RuntimeMethodHandle.InvokeMethod(Object target, Void** arguments, Signature sig, Boolean isConstructor)
   at System.Reflection.MethodBaseInvoker.InvokeWithManyArgs(Object obj, BindingFlags invokeAttr, Binder binder, Object[] parameters, CultureInfo culture)

  Standard Output Messages:
 TEST: Verifying AimAt helper method...
 Target acquired: [TargetObject]
 Aiming at B_WeaponSpawner_C_UAID_E04F43E61E7295F700_1110839880: Pitch=-90.00, Yaw=0.00
 Failed to call Test_SetControlRotation. Error: Exception of type 'AltTester.AltTesterSDK.Driver.CommandResponseTimeoutException' was thrown.
 Full Exception: System.Reflection.TargetInvocationException: Exception has been thrown by the target of an invocation.
  ---> AltTester.AltTesterSDK.Driver.CommandResponseTimeoutException: Exception of type 'AltTester.AltTesterSDK.Driver.CommandResponseTimeoutException' was thrown.
    at AltTester.AltTesterSDK.Driver.Communication.DriverCommunicationHandler.Recvall[T](CommandParams param)
    at AltTester.AltTesterSDK.Driver.Commands.AltCallComponentMethod`1.Execute()
    at AltTester.AltTesterSDK.Driver.AltObject.CallComponentMethod[T](String componentName, String methodName, String assemblyName, Object[] parameters, String[] typeOfParameters)
    at System.RuntimeMethodHandle.InvokeMethod(Object target, Void** arguments, Signature sig, Boolean isConstructor)
    at System.Reflection.MethodBaseInvoker.InvokeWithManyArgs(Object obj, BindingFlags invokeAttr, Binder binder, Object[] parameters, CultureInfo culture)
    --- End of inner exception stack trace ---
    at System.Reflection.MethodBaseInvoker.InvokeWithManyArgs(Object obj, BindingFlags invokeAttr, Binder binder, Object[] parameters, CultureInfo culture)
    at System.Reflection.RuntimeMethodInfo.Invoke(Object obj, BindingFlags invokeAttr, Binder binder, Object[] parameters, CultureInfo culture)
    at System.Reflection.MethodBase.Invoke(Object obj, Object[] parameters)
    at Sdet_Task.LyraSmokeTests.AimAt(Object targetObj) in C:\UE_PROJECTS\Sdet-Task\UnitTest1.cs:line 611



Failed!  - Failed:     1, Passed:     0, Skipped:     0, Total:     1, Duration: 1 m - Sdet-Task.dll (net9.0)
