  Determining projects to restore...
  All projects are up-to-date for restore.
C:\UE_PROJECTS\Sdet-Task\UnitTest1.cs(673,5): error CS1519: Invalid token '{' in a member declaration [C:\UE_PROJECTS\Sdet-Task\Sdet-Task.csproj]
C:\UE_PROJECTS\Sdet-Task\UnitTest1.cs(677,9): error CS1519: Invalid token 'if' in a member declaration [C:\UE_PROJECTS\Sdet-Task\Sdet-Task.csproj]
C:\UE_PROJECTS\Sdet-Task\UnitTest1.cs(677,20): error CS8124: Tuple must contain at least two elements. [C:\UE_PROJECTS\Sdet-Task\Sdet-Task.csproj]
C:\UE_PROJECTS\Sdet-Task\UnitTest1.cs(677,20): error CS1026: ) expected [C:\UE_PROJECTS\Sdet-Task\Sdet-Task.csproj]
C:\UE_PROJECTS\Sdet-Task\UnitTest1.cs(677,20): error CS1519: Invalid token '!=' in a member declaration [C:\UE_PROJECTS\Sdet-Task\Sdet-Task.csproj]
C:\UE_PROJECTS\Sdet-Task\UnitTest1.cs(680,13): error CS1519: Invalid token 'if' in a member declaration [C:\UE_PROJECTS\Sdet-Task\Sdet-Task.csproj]
C:\UE_PROJECTS\Sdet-Task\UnitTest1.cs(680,20): error CS8124: Tuple must contain at least two elements. [C:\UE_PROJECTS\Sdet-Task\Sdet-Task.csproj]
C:\UE_PROJECTS\Sdet-Task\UnitTest1.cs(680,20): error CS1026: ) expected [C:\UE_PROJECTS\Sdet-Task\Sdet-Task.csproj]
C:\UE_PROJECTS\Sdet-Task\UnitTest1.cs(680,20): error CS1519: Invalid token '!=' in a member declaration [C:\UE_PROJECTS\Sdet-Task\Sdet-Task.csproj]
C:\UE_PROJECTS\Sdet-Task\UnitTest1.cs(701,18): error CS1519: Invalid token 'return' in a member declaration [C:\UE_PROJECTS\Sdet-Task\Sdet-Task.csproj]
C:\UE_PROJECTS\Sdet-Task\UnitTest1.cs(701,36): error CS8124: Tuple must contain at least two elements. [C:\UE_PROJECTS\Sdet-Task\Sdet-Task.csproj]
C:\UE_PROJECTS\Sdet-Task\UnitTest1.cs(701,36): error CS1026: ) expected [C:\UE_PROJECTS\Sdet-Task\Sdet-Task.csproj]
C:\UE_PROJECTS\Sdet-Task\UnitTest1.cs(701,41): error CS1031: Type expected [C:\UE_PROJECTS\Sdet-Task\Sdet-Task.csproj]
C:\UE_PROJECTS\Sdet-Task\UnitTest1.cs(701,41): error CS1026: ) expected [C:\UE_PROJECTS\Sdet-Task\Sdet-Task.csproj]
C:\UE_PROJECTS\Sdet-Task\UnitTest1.cs(701,41): error CS1519: Invalid token '"x"' in a member declaration [C:\UE_PROJECTS\Sdet-Task\Sdet-Task.csproj]
C:\UE_PROJECTS\Sdet-Task\UnitTest1.cs(701,60): error CS1001: Identifier expected [C:\UE_PROJECTS\Sdet-Task\Sdet-Task.csproj]
C:\UE_PROJECTS\Sdet-Task\UnitTest1.cs(701,62): error CS1031: Type expected [C:\UE_PROJECTS\Sdet-Task\Sdet-Task.csproj]
C:\UE_PROJECTS\Sdet-Task\UnitTest1.cs(701,62): error CS1001: Identifier expected [C:\UE_PROJECTS\Sdet-Task\Sdet-Task.csproj]
C:\UE_PROJECTS\Sdet-Task\UnitTest1.cs(701,62): error CS1003: Syntax error, ',' expected [C:\UE_PROJECTS\Sdet-Task\Sdet-Task.csproj]
C:\UE_PROJECTS\Sdet-Task\UnitTest1.cs(701,66): error CS1002: ; expected [C:\UE_PROJECTS\Sdet-Task\Sdet-Task.csproj]
C:\UE_PROJECTS\Sdet-Task\UnitTest1.cs(701,66): error CS1519: Invalid token ',' in a member declaration [C:\UE_PROJECTS\Sdet-Task\Sdet-Task.csproj]
C:\UE_PROJECTS\Sdet-Task\UnitTest1.cs(701,81): error CS1001: Identifier expected [C:\UE_PROJECTS\Sdet-Task\Sdet-Task.csproj]
C:\UE_PROJECTS\Sdet-Task\UnitTest1.cs(701,83): error CS1031: Type expected [C:\UE_PROJECTS\Sdet-Task\Sdet-Task.csproj]
C:\UE_PROJECTS\Sdet-Task\UnitTest1.cs(701,83): error CS1001: Identifier expected [C:\UE_PROJECTS\Sdet-Task\Sdet-Task.csproj]
C:\UE_PROJECTS\Sdet-Task\UnitTest1.cs(701,83): error CS1003: Syntax error, ',' expected [C:\UE_PROJECTS\Sdet-Task\Sdet-Task.csproj]
C:\UE_PROJECTS\Sdet-Task\UnitTest1.cs(701,87): error CS1002: ; expected [C:\UE_PROJECTS\Sdet-Task\Sdet-Task.csproj]
C:\UE_PROJECTS\Sdet-Task\UnitTest1.cs(701,87): error CS1519: Invalid token ')' in a member declaration [C:\UE_PROJECTS\Sdet-Task\Sdet-Task.csproj]
C:\UE_PROJECTS\Sdet-Task\UnitTest1.cs(703,9): error CS1022: Type or namespace definition, or end-of-file expected [C:\UE_PROJECTS\Sdet-Task\Sdet-Task.csproj]
C:\UE_PROJECTS\Sdet-Task\UnitTest1.cs(706,9): error CS8803: Top-level statements must precede namespace and type declarations. [C:\UE_PROJECTS\Sdet-Task\Sdet-Task.csproj]
C:\UE_PROJECTS\Sdet-Task\UnitTest1.cs(735,5): error CS1022: Type or namespace definition, or end-of-file expected [C:\UE_PROJECTS\Sdet-Task\Sdet-Task.csproj]
C:\UE_PROJECTS\Sdet-Task\UnitTest1.cs(743,5): error CS0106: The modifier 'public' is not valid for this item [C:\UE_PROJECTS\Sdet-Task\Sdet-Task.csproj]
C:\UE_PROJECTS\Sdet-Task\UnitTest1.cs(777,1): error CS1022: Type or namespace definition, or end-of-file expected [C:\UE_PROJECTS\Sdet-Task\Sdet-Task.csproj]
